# JRE version: OpenJDK Runtime Environment Temurin-21.0.11+10 (21.0.11+10) (build 21.0.11+10-LTS)
# Java VM: OpenJDK 64-Bit Server VM Temurin-21.0.11+10 (21.0.11+10-LTS, mixed mode, sharing, tiered, compressed oops, compressed class ptrs, parallel gc, windows-amd64)
GC Precious Log:
 CardTable entry size: 512
 CPUs: 4 total, 4 available
 Memory: 10167M
 Large Page Support: Disabled
 NUMA Support: Disabled
 Compressed Oops: Enabled (32-bit)
 Alignments: Space 512K, Generation 512K, Heap 2M
 Heap Min Capacity: 100M
 Heap Initial Capacity: 100M
 Heap Max Capacity: 2G
 Pre-touch: Disabled
 Parallel Workers: 4
Heap:
 PSYoungGen      total 17920K, used 16243K [0x00000000d5580000, 0x00000000d6900000, 0x0000000100000000)
  eden space 17408K, 92% used [0x00000000d5580000,0x00000000d653ce50,0x00000000d6680000)
  from space 512K, 25% used [0x00000000d6880000,0x00000000d68a0000,0x00000000d6900000)
  to   space 512K, 0% used [0x00000000d6800000,0x00000000d6800000,0x00000000d6880000)
 ParOldGen       total 68608K, used 61382K [0x0000000080000000, 0x0000000084300000, 0x00000000d5580000)
  object space 68608K, 89% used [0x0000000080000000,0x0000000083bf1868,0x0000000084300000)
 Metaspace       used 84310K, committed 85952K, reserved 1179648K
  class space    used 9202K, committed 9920K, reserved 1048576K
GC Heap History (20 events):
Event: 563.571 GC heap before
{Heap before GC invocations=66 (full 3):
 PSYoungGen      total 17920K, used 17584K [0x00000000d5580000, 0x00000000d6800000, 0x0000000100000000)
  eden space 17408K, 100% used [0x00000000d5580000,0x00000000d6680000,0x00000000d6680000)
  from space 512K, 34% used [0x00000000d6780000,0x00000000d67ac010,0x00000000d6800000)
  to   space 512K, 0% used [0x00000000d6700000,0x00000000d6700000,0x00000000d6780000)
 ParOldGen       total 68608K, used 58035K [0x0000000080000000, 0x0000000084300000, 0x00000000d5580000)
  object space 68608K, 84% used [0x0000000080000000,0x00000000838acde8,0x0000000084300000)
 Metaspace       used 83138K, committed 84736K, reserved 1179648K
  class space    used 9128K, committed 9856K, reserved 1048576K
}
Event: 563.572 GC heap after
{Heap after GC invocations=66 (full 3):
 PSYoungGen      total 17920K, used 320K [0x00000000d5580000, 0x00000000d6800000, 0x0000000100000000)
  eden space 17408K, 0% used [0x00000000d5580000,0x00000000d5580000,0x00000000d6680000)
  from space 512K, 62% used [0x00000000d6700000,0x00000000d6750020,0x00000000d6780000)
  to   space 512K, 0% used [0x00000000d6780000,0x00000000d6780000,0x00000000d6800000)
 ParOldGen       total 68608K, used 58147K [0x0000000080000000, 0x0000000084300000, 0x00000000d5580000)
  object space 68608K, 84% used [0x0000000080000000,0x00000000838c8e38,0x0000000084300000)
 Metaspace       used 83138K, committed 84736K, reserved 1179648K
  class space    used 9128K, committed 9856K, reserved 1048576K
}
Event: 571.593 GC heap before
{Heap before GC invocations=67 (full 3):
 PSYoungGen      total 17920K, used 17728K [0x00000000d5580000, 0x00000000d6800000, 0x0000000100000000)
  eden space 17408K, 100% used [0x00000000d5580000,0x00000000d6680000,0x00000000d6680000)
  from space 512K, 62% used [0x00000000d6700000,0x00000000d6750020,0x00000000d6780000)
  to   space 512K, 0% used [0x00000000d6780000,0x00000000d6780000,0x00000000d6800000)
 ParOldGen       total 68608K, used 58147K [0x0000000080000000, 0x0000000084300000, 0x00000000d5580000)
  object space 68608K, 84% used [0x0000000080000000,0x00000000838c8e38,0x0000000084300000)
 Metaspace       used 83299K, committed 84928K, reserved 1179648K
  class space    used 9130K, committed 9856K, reserved 1048576K
}
Event: 571.595 GC heap after
{Heap after GC invocations=67 (full 3):
 PSYoungGen      total 17920K, used 496K [0x00000000d5580000, 0x00000000d6880000, 0x0000000100000000)
  eden space 17408K, 0% used [0x00000000d5580000,0x00000000d5580000,0x00000000d6680000)
  from space 512K, 96% used [0x00000000d6780000,0x00000000d67fc040,0x00000000d6800000)
  to   space 1024K, 0% used [0x00000000d6680000,0x00000000d6680000,0x00000000d6780000)
 ParOldGen       total 68608K, used 58479K [0x0000000080000000, 0x0000000084300000, 0x00000000d5580000)
  object space 68608K, 85% used [0x0000000080000000,0x000000008391be78,0x0000000084300000)
 Metaspace       used 83299K, committed 84928K, reserved 1179648K
  class space    used 9130K, committed 9856K, reserved 1048576K
}
Event: 584.146 GC heap before
{Heap before GC invocations=68 (full 3):
 PSYoungGen      total 17920K, used 17904K [0x00000000d5580000, 0x00000000d6880000, 0x0000000100000000)
  eden space 17408K, 100% used [0x00000000d5580000,0x00000000d6680000,0x00000000d6680000)
  from space 512K, 96% used [0x00000000d6780000,0x00000000d67fc040,0x00000000d6800000)
  to   space 1024K, 0% used [0x00000000d6680000,0x00000000d6680000,0x00000000d6780000)
 ParOldGen       total 68608K, used 58479K [0x0000000080000000, 0x0000000084300000, 0x00000000d5580000)
  object space 68608K, 85% used [0x0000000080000000,0x000000008391be78,0x0000000084300000)
 Metaspace       used 83406K, committed 84992K, reserved 1179648K
  class space    used 9131K, committed 9856K, reserved 1048576K
}
Event: 584.150 GC heap after
{Heap after GC invocations=68 (full 3):
 PSYoungGen      total 18432K, used 224K [0x00000000d5580000, 0x00000000d6800000, 0x0000000100000000)
  eden space 17408K, 0% used [0x00000000d5580000,0x00000000d5580000,0x00000000d6680000)
  from space 1024K, 21% used [0x00000000d6680000,0x00000000d66b8010,0x00000000d6780000)
  to   space 512K, 0% used [0x00000000d6780000,0x00000000d6780000,0x00000000d6800000)
 ParOldGen       total 68608K, used 58932K [0x0000000080000000, 0x0000000084300000, 0x00000000d5580000)
  object space 68608K, 85% used [0x0000000080000000,0x000000008398d040,0x0000000084300000)
 Metaspace       used 83406K, committed 84992K, reserved 1179648K
  class space    used 9131K, committed 9856K, reserved 1048576K
}
Event: 616.253 GC heap before
{Heap before GC invocations=69 (full 3):
 PSYoungGen      total 18432K, used 17632K [0x00000000d5580000, 0x00000000d6800000, 0x0000000100000000)
  eden space 17408K, 100% used [0x00000000d5580000,0x00000000d6680000,0x00000000d6680000)
  from space 1024K, 21% used [0x00000000d6680000,0x00000000d66b8010,0x00000000d6780000)
  to   space 512K, 0% used [0x00000000d6780000,0x00000000d6780000,0x00000000d6800000)
 ParOldGen       total 68608K, used 58932K [0x0000000080000000, 0x0000000084300000, 0x00000000d5580000)
  object space 68608K, 85% used [0x0000000080000000,0x000000008398d040,0x0000000084300000)
 Metaspace       used 83515K, committed 85184K, reserved 1179648K
  class space    used 9134K, committed 9856K, reserved 1048576K
}
Event: 616.255 GC heap after
{Heap after GC invocations=69 (full 3):
 PSYoungGen      total 17920K, used 496K [0x00000000d5580000, 0x00000000d6880000, 0x0000000100000000)
  eden space 17408K, 0% used [0x00000000d5580000,0x00000000d5580000,0x00000000d6680000)
  from space 512K, 96% used [0x00000000d6780000,0x00000000d67fc050,0x00000000d6800000)
  to   space 1024K, 0% used [0x00000000d6680000,0x00000000d6680000,0x00000000d6780000)
 ParOldGen       total 68608K, used 59076K [0x0000000080000000, 0x0000000084300000, 0x00000000d5580000)
  object space 68608K, 86% used [0x0000000080000000,0x00000000839b1050,0x0000000084300000)
 Metaspace       used 83515K, committed 85184K, reserved 1179648K
  class space    used 9134K, committed 9856K, reserved 1048576K
}
Event: 617.823 GC heap before
{Heap before GC invocations=70 (full 3):
 PSYoungGen      total 17920K, used 17904K [0x00000000d5580000, 0x00000000d6880000, 0x0000000100000000)
  eden space 17408K, 99% used [0x00000000d5580000,0x00000000d667fff0,0x00000000d6680000)
  from space 512K, 96% used [0x00000000d6780000,0x00000000d67fc050,0x00000000d6800000)
  to   space 1024K, 0% used [0x00000000d6680000,0x00000000d6680000,0x00000000d6780000)
 ParOldGen       total 68608K, used 59076K [0x0000000080000000, 0x0000000084300000, 0x00000000d5580000)
  object space 68608K, 86% used [0x0000000080000000,0x00000000839b1050,0x0000000084300000)
 Metaspace       used 83600K, committed 85248K, reserved 1179648K
  class space    used 9138K, committed 9856K, reserved 1048576K
}
Event: 617.827 GC heap after
{Heap after GC invocations=70 (full 3):
 PSYoungGen      total 18432K, used 1008K [0x00000000d5580000, 0x00000000d6a80000, 0x0000000100000000)
  eden space 17408K, 0% used [0x00000000d5580000,0x00000000d5580000,0x00000000d6680000)
  from space 1024K, 98% used [0x00000000d6680000,0x00000000d677c030,0x00000000d6780000)
  to   space 2048K, 0% used [0x00000000d6880000,0x00000000d6880000,0x00000000d6a80000)
 ParOldGen       total 68608K, used 59814K [0x0000000080000000, 0x0000000084300000, 0x00000000d5580000)
  object space 68608K, 87% used [0x0000000080000000,0x0000000083a69950,0x0000000084300000)
 Metaspace       used 83600K, committed 85248K, reserved 1179648K
  class space    used 9138K, committed 9856K, reserved 1048576K
}
Event: 634.982 GC heap before
{Heap before GC invocations=71 (full 3):
 PSYoungGen      total 18432K, used 18416K [0x00000000d5580000, 0x00000000d6a80000, 0x0000000100000000)
  eden space 17408K, 100% used [0x00000000d5580000,0x00000000d6680000,0x00000000d6680000)
  from space 1024K, 98% used [0x00000000d6680000,0x00000000d677c030,0x00000000d6780000)
  to   space 2048K, 0% used [0x00000000d6880000,0x00000000d6880000,0x00000000d6a80000)
 ParOldGen       total 68608K, used 59814K [0x0000000080000000, 0x0000000084300000, 0x00000000d5580000)
  object space 68608K, 87% used [0x0000000080000000,0x0000000083a69950,0x0000000084300000)
 Metaspace       used 83722K, committed 85312K, reserved 1179648K
  class space    used 9145K, committed 9856K, reserved 1048576K
}
Event: 634.986 GC heap after
{Heap after GC invocations=71 (full 3):
 PSYoungGen      total 18432K, used 640K [0x00000000d5580000, 0x00000000d6980000, 0x0000000100000000)
  eden space 17408K, 0% used [0x00000000d5580000,0x00000000d5580000,0x00000000d6680000)
  from space 1024K, 62% used [0x00000000d6880000,0x00000000d6920060,0x00000000d6980000)
  to   space 1536K, 0% used [0x00000000d6680000,0x00000000d6680000,0x00000000d6800000)
 ParOldGen       total 68608K, used 60837K [0x0000000080000000, 0x0000000084300000, 0x00000000d5580000)
  object space 68608K, 88% used [0x0000000080000000,0x0000000083b697d8,0x0000000084300000)
 Metaspace       used 83722K, committed 85312K, reserved 1179648K
  class space    used 9145K, committed 9856K, reserved 1048576K
}
Event: 653.224 GC heap before
{Heap before GC invocations=72 (full 3):
 PSYoungGen      total 18432K, used 18048K [0x00000000d5580000, 0x00000000d6980000, 0x0000000100000000)
  eden space 17408K, 100% used [0x00000000d5580000,0x00000000d6680000,0x00000000d6680000)
  from space 1024K, 62% used [0x00000000d6880000,0x00000000d6920060,0x00000000d6980000)
  to   space 1536K, 0% used [0x00000000d6680000,0x00000000d6680000,0x00000000d6800000)
 ParOldGen       total 68608K, used 60837K [0x0000000080000000, 0x0000000084300000, 0x00000000d5580000)
  object space 68608K, 88% used [0x0000000080000000,0x0000000083b697d8,0x0000000084300000)
 Metaspace       used 83791K, committed 85376K, reserved 1179648K
  class space    used 9145K, committed 9856K, reserved 1048576K
}
Event: 653.226 GC heap after
{Heap after GC invocations=72 (full 3):
 PSYoungGen      total 18944K, used 256K [0x00000000d5580000, 0x00000000d6900000, 0x0000000100000000)
  eden space 17408K, 0% used [0x00000000d5580000,0x00000000d5580000,0x00000000d6680000)
  from space 1536K, 16% used [0x00000000d6680000,0x00000000d66c0010,0x00000000d6800000)
  to   space 512K, 0% used [0x00000000d6880000,0x00000000d6880000,0x00000000d6900000)
 ParOldGen       total 68608K, used 61086K [0x0000000080000000, 0x0000000084300000, 0x00000000d5580000)
  object space 68608K, 89% used [0x0000000080000000,0x0000000083ba7858,0x0000000084300000)
 Metaspace       used 83791K, committed 85376K, reserved 1179648K
  class space    used 9145K, committed 9856K, reserved 1048576K
}
Event: 681.485 GC heap before
{Heap before GC invocations=73 (full 3):
 PSYoungGen      total 18944K, used 17664K [0x00000000d5580000, 0x00000000d6900000, 0x0000000100000000)
  eden space 17408K, 100% used [0x00000000d5580000,0x00000000d6680000,0x00000000d6680000)
  from space 1536K, 16% used [0x00000000d6680000,0x00000000d66c0010,0x00000000d6800000)
  to   space 512K, 0% used [0x00000000d6880000,0x00000000d6880000,0x00000000d6900000)
 ParOldGen       total 68608K, used 61086K [0x0000000080000000, 0x0000000084300000, 0x00000000d5580000)
  object space 68608K, 89% used [0x0000000080000000,0x0000000083ba7858,0x0000000084300000)
 Metaspace       used 83862K, committed 85504K, reserved 1179648K
  class space    used 9150K, committed 9856K, reserved 1048576K
}
Event: 681.487 GC heap after
{Heap after GC invocations=73 (full 3):
 PSYoungGen      total 17920K, used 192K [0x00000000d5580000, 0x00000000d6900000, 0x0000000100000000)
  eden space 17408K, 0% used [0x00000000d5580000,0x00000000d5580000,0x00000000d6680000)
  from space 512K, 37% used [0x00000000d6880000,0x00000000d68b0000,0x00000000d6900000)
  to   space 512K, 0% used [0x00000000d6800000,0x00000000d6800000,0x00000000d6880000)
 ParOldGen       total 68608K, used 61222K [0x0000000080000000, 0x0000000084300000, 0x00000000d5580000)
  object space 68608K, 89% used [0x0000000080000000,0x0000000083bc9868,0x0000000084300000)
 Metaspace       used 83862K, committed 85504K, reserved 1179648K
  class space    used 9150K, committed 9856K, reserved 1048576K
}
Event: 714.063 GC heap before
{Heap before GC invocations=74 (full 3):
 PSYoungGen      total 17920K, used 17600K [0x00000000d5580000, 0x00000000d6900000, 0x0000000100000000)
  eden space 17408K, 100% used [0x00000000d5580000,0x00000000d6680000,0x00000000d6680000)
  from space 512K, 37% used [0x00000000d6880000,0x00000000d68b0000,0x00000000d6900000)
  to   space 512K, 0% used [0x00000000d6800000,0x00000000d6800000,0x00000000d6880000)
 ParOldGen       total 68608K, used 61222K [0x0000000080000000, 0x0000000084300000, 0x00000000d5580000)
  object space 68608K, 89% used [0x0000000080000000,0x0000000083bc9868,0x0000000084300000)
 Metaspace       used 84243K, committed 85888K, reserved 1179648K
  class space    used 9198K, committed 9920K, reserved 1048576K
}
Event: 714.066 GC heap after
{Heap after GC invocations=74 (full 3):
 PSYoungGen      total 17920K, used 192K [0x00000000d5580000, 0x00000000d6900000, 0x0000000100000000)
  eden space 17408K, 0% used [0x00000000d5580000,0x00000000d5580000,0x00000000d6680000)
  from space 512K, 37% used [0x00000000d6800000,0x00000000d6830000,0x00000000d6880000)
  to   space 512K, 0% used [0x00000000d6880000,0x00000000d6880000,0x00000000d6900000)
 ParOldGen       total 68608K, used 61246K [0x0000000080000000, 0x0000000084300000, 0x00000000d5580000)
  object space 68608K, 89% used [0x0000000080000000,0x0000000083bcf868,0x0000000084300000)
 Metaspace       used 84243K, committed 85888K, reserved 1179648K
  class space    used 9198K, committed 9920K, reserved 1048576K
}
Event: 821.596 GC heap before
{Heap before GC invocations=75 (full 3):
 PSYoungGen      total 17920K, used 17599K [0x00000000d5580000, 0x00000000d6900000, 0x0000000100000000)
  eden space 17408K, 99% used [0x00000000d5580000,0x00000000d667fff0,0x00000000d6680000)
  from space 512K, 37% used [0x00000000d6800000,0x00000000d6830000,0x00000000d6880000)
  to   space 512K, 0% used [0x00000000d6880000,0x00000000d6880000,0x00000000d6900000)
 ParOldGen       total 68608K, used 61246K [0x0000000080000000, 0x0000000084300000, 0x00000000d5580000)
  object space 68608K, 89% used [0x0000000080000000,0x0000000083bcf868,0x0000000084300000)
 Metaspace       used 84282K, committed 85952K, reserved 1179648K
  class space    used 9201K, committed 9920K, reserved 1048576K
}
Event: 821.597 GC heap after
{Heap after GC invocations=75 (full 3):
 PSYoungGen      total 17920K, used 128K [0x00000000d5580000, 0x00000000d6900000, 0x0000000100000000)
  eden space 17408K, 0% used [0x00000000d5580000,0x00000000d5580000,0x00000000d6680000)
  from space 512K, 25% used [0x00000000d6880000,0x00000000d68a0000,0x00000000d6900000)
  to   space 512K, 0% used [0x00000000d6800000,0x00000000d6800000,0x00000000d6880000)
 ParOldGen       total 68608K, used 61382K [0x0000000080000000, 0x0000000084300000, 0x00000000d5580000)
  object space 68608K, 89% used [0x0000000080000000,0x0000000083bf1868,0x0000000084300000)
 Metaspace       used 84282K, committed 85952K, reserved 1179648K
  class space    used 9201K, committed 9920K, reserved 1048576K
}

